<?xml version="1.0" encoding="UTF-8"?>
<testng-results ignored="0" total="2" passed="2" failed="0" skipped="0">
  <reporter-output>
  </reporter-output>
  <suite started-at="2025-07-21T00:16:09 IST" name="MasterSuite" finished-at="2025-07-21T00:16:22 IST" duration-ms="13117">
    <groups>
      <group name="sanity">
        <method signature="TC002_LoginTest.verifyLoginTest()[pri:0, instance:testCases.TC002_LoginTest@291ae]" name="verifyLoginTest" class="testCases.TC002_LoginTest"/>
        <method signature="TC002_LoginTest.verifyLoginTest()[pri:0, instance:testCases.TC002_LoginTest@661972b0]" name="verifyLoginTest" class="testCases.TC002_LoginTest"/>
      </group> <!-- sanity -->
      <group name="master">
        <method signature="TC002_LoginTest.verifyLoginTest()[pri:0, instance:testCases.TC002_LoginTest@291ae]" name="verifyLoginTest" class="testCases.TC002_LoginTest"/>
        <method signature="TC002_LoginTest.verifyLoginTest()[pri:0, instance:testCases.TC002_LoginTest@661972b0]" name="verifyLoginTest" class="testCases.TC002_LoginTest"/>
      </group> <!-- master -->
    </groups>
    <test started-at="2025-07-21T00:16:09 IST" name="Test1" finished-at="2025-07-21T00:16:17 IST" duration-ms="7976">
      <class name="testCases.TC002_LoginTest">
        <test-method is-config="true" signature="setUp(java.lang.String,java.lang.String)[pri:0, instance:testCases.TC002_LoginTest@291ae]" started-at="2025-07-21T00:16:09 IST" name="setUp" finished-at="2025-07-21T00:16:15 IST" duration-ms="5910" status="PASS">
          <params>
            <param index="0">
              <value>
                <![CDATA[mac]]>
              </value>
            </param>
            <param index="1">
              <value>
                <![CDATA[firefox]]>
              </value>
            </param>
          </params>
          <reporter-output>
          </reporter-output>
        </test-method> <!-- setUp -->
        <test-method signature="verifyLoginTest()[pri:0, instance:testCases.TC002_LoginTest@291ae]" started-at="2025-07-21T00:16:15 IST" name="verifyLoginTest" finished-at="2025-07-21T00:16:17 IST" duration-ms="1609" status="PASS">
          <reporter-output>
          </reporter-output>
        </test-method> <!-- verifyLoginTest -->
        <test-method is-config="true" signature="tearDown()[pri:0, instance:testCases.TC002_LoginTest@291ae]" started-at="2025-07-21T00:16:17 IST" name="tearDown" finished-at="2025-07-21T00:16:17 IST" duration-ms="441" status="PASS">
          <reporter-output>
          </reporter-output>
        </test-method> <!-- tearDown -->
      </class> <!-- testCases.TC002_LoginTest -->
    </test> <!-- Test1 -->
    <test started-at="2025-07-21T00:16:17 IST" name="Test" finished-at="2025-07-21T00:16:22 IST" duration-ms="5130">
      <class name="testCases.TC002_LoginTest">
        <test-method is-config="true" signature="setUp(java.lang.String,java.lang.String)[pri:0, instance:testCases.TC002_LoginTest@661972b0]" started-at="2025-07-21T00:16:17 IST" name="setUp" finished-at="2025-07-21T00:16:21 IST" duration-ms="3858" status="PASS">
          <params>
            <param index="0">
              <value>
                <![CDATA[mac]]>
              </value>
            </param>
            <param index="1">
              <value>
                <![CDATA[chrome]]>
              </value>
            </param>
          </params>
          <reporter-output>
          </reporter-output>
        </test-method> <!-- setUp -->
        <test-method signature="verifyLoginTest()[pri:0, instance:testCases.TC002_LoginTest@661972b0]" started-at="2025-07-21T00:16:21 IST" name="verifyLoginTest" finished-at="2025-07-21T00:16:22 IST" duration-ms="1143" status="PASS">
          <reporter-output>
          </reporter-output>
        </test-method> <!-- verifyLoginTest -->
        <test-method is-config="true" signature="tearDown()[pri:0, instance:testCases.TC002_LoginTest@661972b0]" started-at="2025-07-21T00:16:22 IST" name="tearDown" finished-at="2025-07-21T00:16:22 IST" duration-ms="128" status="PASS">
          <reporter-output>
          </reporter-output>
        </test-method> <!-- tearDown -->
      </class> <!-- testCases.TC002_LoginTest -->
    </test> <!-- Test -->
  </suite> <!-- MasterSuite -->
</testng-results>
